Build started 2/25/2014 10:32:11 AM.
     1>Project "C:\Users\H8\Documents\Visual Studio 2012\Projects\AmpIdent\AmpIdentGPUkernel\AmpIdentGPUkernel\AmpIdentGPUkernel.vcxproj" on node 2 (Build target(s)).
     1>AddCudaCompileDeps:
         C:\Program Files\Microsoft Visual Studio 11.0\VC\bin\cl.exe /E /nologo /showIncludes /TP /D__CUDACC__ /DWIN32 /D_DEBUG /D_CONSOLE /D_MBCS /I"C:\Program Files\NVIDIA GPU Computing Toolkit\CUDA\v5.5\include" /I"C:\Program Files\NVIDIA GPU Computing Toolkit\CUDA\v5.5\bin" /I"C:\Program Files\NVIDIA GPU Computing Toolkit\CUDA\v5.5\include" /I. /FIcuda_runtime.h /c "C:\Users\H8\Documents\Visual Studio 2012\Projects\AmpIdent\AmpIdentGPUkernel\AmpIdentGPUkernel\kernel.cu" 
       CudaBuild:
         Compiling CUDA source file kernel.cu...
         cmd.exe /C "C:\Users\H8\AppData\Local\Temp\tmp106ef86cd6664f99ace760770d9f475b.cmd"
         "C:\Program Files\NVIDIA GPU Computing Toolkit\CUDA\v5.5\bin\nvcc.exe" -gencode=arch=compute_10,code=\"sm_10,compute_10\" --use-local-env --cl-version 2012 -ccbin "C:\Program Files\Microsoft Visual Studio 11.0\VC\bin"  -I"C:\Program Files\NVIDIA GPU Computing Toolkit\CUDA\v5.5\include" -I"C:\Program Files\NVIDIA GPU Computing Toolkit\CUDA\v5.5\include"  -G  --keep --keep-dir Debug -maxrregcount=0  --machine 32 --compile -cudart static  -g   -DWIN32 -D_DEBUG -D_CONSOLE -D_MBCS -Xcompiler "/EHsc /W3 /nologo /Od /Zi /RTC1 /MDd  " -o Debug\kernel.cu.obj "C:\Users\H8\Documents\Visual Studio 2012\Projects\AmpIdent\AmpIdentGPUkernel\AmpIdentGPUkernel\kernel.cu"
         
         C:\Users\H8\Documents\Visual Studio 2012\Projects\AmpIdent\AmpIdentGPUkernel\AmpIdentGPUkernel>"C:\Program Files\NVIDIA GPU Computing Toolkit\CUDA\v5.5\bin\nvcc.exe" -gencode=arch=compute_10,code=\"sm_10,compute_10\" --use-local-env --cl-version 2012 -ccbin "C:\Program Files\Microsoft Visual Studio 11.0\VC\bin"  -I"C:\Program Files\NVIDIA GPU Computing Toolkit\CUDA\v5.5\include" -I"C:\Program Files\NVIDIA GPU Computing Toolkit\CUDA\v5.5\include"  -G  --keep --keep-dir Debug -maxrregcount=0  --machine 32 --compile -cudart static  -g   -DWIN32 -D_DEBUG -D_CONSOLE -D_MBCS -Xcompiler "/EHsc /W3 /nologo /Od /Zi /RTC1 /MDd  " -o Debug\kernel.cu.obj "C:\Users\H8\Documents\Visual Studio 2012\Projects\AmpIdent\AmpIdentGPUkernel\AmpIdentGPUkernel\kernel.cu" 
       Link:
         C:\Program Files\Microsoft Visual Studio 11.0\VC\bin\link.exe /ERRORREPORT:PROMPT /OUT:"C:\Users\H8\Documents\Visual Studio 2012\Projects\AmpIdent\AmpIdentGPUkernel\Debug\AmpIdentGPUkernel.exe" /INCREMENTAL /NOLOGO /LIBPATH:"C:\Program Files\NVIDIA GPU Computing Toolkit\CUDA\v5.5\lib\Win32" cudart.lib kernel32.lib user32.lib gdi32.lib winspool.lib comdlg32.lib advapi32.lib shell32.lib ole32.lib oleaut32.lib uuid.lib odbc32.lib odbccp32.lib kernel32.lib user32.lib gdi32.lib winspool.lib comdlg32.lib advapi32.lib shell32.lib ole32.lib oleaut32.lib uuid.lib odbc32.lib odbccp32.lib /MANIFEST /MANIFESTUAC:"level='asInvoker' uiAccess='false'" /manifest:embed /DEBUG /PDB:"C:\Users\H8\Documents\Visual Studio 2012\Projects\AmpIdent\AmpIdentGPUkernel\Debug\AmpIdentGPUkernel.pdb" /SUBSYSTEM:CONSOLE /TLBID:1 /DYNAMICBASE /NXCOMPAT /IMPLIB:"C:\Users\H8\Documents\Visual Studio 2012\Projects\AmpIdent\AmpIdentGPUkernel\Debug\AmpIdentGPUkernel.lib" /MACHINE:X86 Debug\kernel.cu.obj
         AmpIdentGPUkernel.vcxproj -> C:\Users\H8\Documents\Visual Studio 2012\Projects\AmpIdent\AmpIdentGPUkernel\Debug\AmpIdentGPUkernel.exe
       PostBuildEvent:
         echo copy "C:\Program Files\NVIDIA GPU Computing Toolkit\CUDA\v5.5\bin\cudart*.dll" "C:\Users\H8\Documents\Visual Studio 2012\Projects\AmpIdent\AmpIdentGPUkernel\Debug\"
         copy "C:\Program Files\NVIDIA GPU Computing Toolkit\CUDA\v5.5\bin\cudart*.dll" "C:\Users\H8\Documents\Visual Studio 2012\Projects\AmpIdent\AmpIdentGPUkernel\Debug\"
         :VCEnd
         copy "C:\Program Files\NVIDIA GPU Computing Toolkit\CUDA\v5.5\bin\cudart*.dll" "C:\Users\H8\Documents\Visual Studio 2012\Projects\AmpIdent\AmpIdentGPUkernel\Debug\"
         C:\Program Files\NVIDIA GPU Computing Toolkit\CUDA\v5.5\bin\cudart32_55.dll
                 1 file(s) copied.
     1>Done Building Project "C:\Users\H8\Documents\Visual Studio 2012\Projects\AmpIdent\AmpIdentGPUkernel\AmpIdentGPUkernel\AmpIdentGPUkernel.vcxproj" (Build target(s)).

Build succeeded.

Time Elapsed 00:00:13.23
